4 0000000000 0 0
4 0000000010 2 1
4 0000000100 4 1
4 0000001000 8 1
4 0000001010 10 2
4 0000100000 32 1
4 0000100010 34 2
4 0000100100 36 2
4 0000101000 40 2
4 0000101010 42 3
4 0001000000 64 1
4 0001000010 66 2
4 0001000100 68 2
4 0001001000 72 2
4 0001001010 74 3
4 0010000000 128 1
4 0010000010 130 2
4 0010000100 132 2
4 0010001000 136 2
4 0010001010 138 3
4 0010100000 160 2
4 0010100010 162 3
4 0010100100 164 3
4 0010101000 168 3
4 0010101010 170 4
4 0100000000 256 1
4 0100000010 258 2
4 0100000100 260 2
4 0100001000 264 2
4 0100001010 266 3
4 0100100000 288 2
4 0100100010 290 3
4 0100100100 292 3
4 0100101000 296 3
4 0100101010 298 4
4 0101000000 320 2
4 0101000010 322 3
4 0101000100 324 3
4 0101001000 328 3
4 0101001010 330 4
4 1000000000 512 1
4 1000000010 514 2
4 1000000100 516 2
4 1000001000 520 2
4 1000001010 522 3
4 1000100000 544 2
4 1000100010 546 3
4 1000100100 548 3
4 1000101000 552 3
4 1000101010 554 4
4 1001000000 576 2
4 1001000010 578 3
4 1001000100 580 3
4 1001001000 584 3
4 1001001010 586 4
4 1010000000 640 2
4 1010000010 642 3
4 1010000100 644 3
4 1010001000 648 3
4 1010001010 650 4
4 1010100000 672 3
4 1010100010 674 4
4 1010100100 676 4
4 1010101000 680 4
4 1010101010 682 5
3 0000000000 0 5
4 0000000000 0 0
3 0000000001 1 5
4 0000000000 0 0
3 0000000100 4 5
4 0000000000 0 0
3 0000000101 5 6
4 0000000000 0 0
3 0000010000 16 4
4 0000000000 0 0
3 0000010001 17 5
4 0000000000 0 0
3 0000010100 20 5
4 0000000000 0 0
3 0000010101 21 6
4 0000000000 0 0
3 0000100000 32 6
4 0000000000 0 0
3 0000100001 33 6
4 0000000000 0 0
3 0000100100 36 6
4 0000000000 0 0
3 0000100101 37 7
4 0000000000 0 0
3 0001000000 64 5
4 0000000000 0 0
3 0001000001 65 5
4 0000000000 0 0
3 0001000100 68 5
4 0000000000 0 0
3 0001000101 69 6
4 0000000000 0 0
3 0001010000 80 5
4 0000000000 0 0
3 0001010001 81 6
4 0000000000 0 0
3 0001010100 84 6
4 0000000000 0 0
3 0001010101 85 7
4 0000000000 0 0
3 0010000000 128 6
4 0000000000 0 0
3 0010000001 129 6
4 0000000000 0 0
3 0010000100 132 6
4 0000000000 0 0
3 0010000101 133 7
4 0000000000 0 0
3 0010010000 144 5
4 0000000000 0 0
3 0010010001 145 6
4 0000000000 0 0
3 0010010100 148 6
4 0000000000 0 0
3 0010010101 149 7
4 0000000000 0 0
3 0010100000 160 7
4 0000000000 0 0
3 0010100001 161 7
4 0000000000 0 0
3 0010100100 164 7
4 0000000000 0 0
3 0010100101 165 8
4 0000000000 0 0
3 0100000000 256 5
4 0000000000 0 0
3 0100000001 257 5
4 0000000000 0 0
3 0100000100 260 5
4 0000000000 0 0
3 0100000101 261 6
4 0000000000 0 0
3 0100010000 272 5
4 0000000000 0 0
3 0100010001 273 6
4 0000000000 0 0
3 0100010100 276 6
4 0000000000 0 0
3 0100010101 277 7
4 0000000000 0 0
3 0100100000 288 6
4 0000000000 0 0
3 0100100001 289 6
4 0000000000 0 0
3 0100100100 292 6
4 0000000000 0 0
3 0100100101 293 7
4 0000000000 0 0
3 0101000000 320 6
4 0000000000 0 0
3 0101000001 321 6
4 0000000000 0 0
3 0101000100 324 6
4 0000000000 0 0
3 0101000101 325 7
4 0000000000 0 0
3 0101010000 336 6
4 0000000000 0 0
3 0101010001 337 7
4 0000000000 0 0
3 0101010100 340 7
4 0000000000 0 0
3 0101010101 341 8
4 0000000000 0 0
3 1000000000 512 6
4 0000000000 0 0
3 1000000001 513 6
4 0000000000 0 0
3 1000000100 516 6
4 0000000000 0 0
3 1000000101 517 7
4 0000000000 0 0
3 1000010000 528 5
4 0000000000 0 0
3 1000010001 529 6
4 0000000000 0 0
3 1000010100 532 6
4 0000000000 0 0
3 1000010101 533 7
4 0000000000 0 0
3 1000100000 544 7
4 0000000000 0 0
3 1000100001 545 7
4 0000000000 0 0
3 1000100100 548 7
4 0000000000 0 0
3 1000100101 549 8
4 0000000000 0 0
3 1001000000 576 6
4 0000000000 0 0
3 1001000001 577 6
4 0000000000 0 0
3 1001000100 580 6
4 0000000000 0 0
3 1001000101 581 7
4 0000000000 0 0
3 1001010000 592 6
4 0000000000 0 0
3 1001010001 593 7
4 0000000000 0 0
3 1001010100 596 7
4 0000000000 0 0
3 1001010101 597 8
4 0000000000 0 0
3 1010000000 640 7
4 0000000000 0 0
3 1010000001 641 7
4 0000000000 0 0
3 1010000100 644 7
4 0000000000 0 0
3 1010000101 645 8
4 0000000000 0 0
3 1010010000 656 6
4 0000000000 0 0
3 1010010001 657 7
4 0000000000 0 0
3 1010010100 660 7
4 0000000000 0 0
3 1010010101 661 8
4 0000000000 0 0
3 1010100000 672 8
4 0000000000 0 0
3 1010100001 673 8
4 0000000000 0 0
3 1010100100 676 8
4 0000000000 0 0
3 1010100101 677 9
2 0000000000 0 9
2 0000000010 2 9
2 0000001000 8 9
2 0000001010 10 10
2 0000010000 16 9
2 0000010010 18 9
2 0000100000 32 10
2 0000100010 34 10
2 0000101000 40 10
2 0000101010 42 11
2 0001000000 64 9
2 0001000010 66 8
2 0001001000 72 8
2 0001001010 74 9
2 0001010000 80 10
2 0001010010 82 9
2 0010000000 128 10
2 0010000010 130 10
2 0010001000 136 10
2 0010001010 138 11
2 0010010000 144 10
2 0010010010 146 10
2 0010100000 160 11
2 0010100010 162 11
2 0010101000 168 11
2 0010101010 170 12
2 0100000000 256 9
2 0100000010 258 8
2 0100001000 264 8
2 0100001010 266 9
2 0100010000 272 10
2 0100010010 274 9
2 0100100000 288 9
2 0100100010 290 9
2 0100101000 296 9
2 0100101010 298 10
2 0101000000 320 10
2 0101000010 322 9
2 0101001000 328 9
2 0101001010 330 10
2 0101010000 336 11
2 0101010010 338 10
2 1000000000 512 10
2 1000000010 514 10
2 1000001000 520 10
2 1000001010 522 11
2 1000010000 528 10
2 1000010010 530 10
2 1000100000 544 11
2 1000100010 546 11
2 1000101000 552 11
2 1000101010 554 12
2 1001000000 576 10
2 1001000010 578 9
2 1001001000 584 9
2 1001001010 586 10
2 1001010000 592 11
2 1001010010 594 10
2 1010000000 640 11
2 1010000010 642 11
2 1010001000 648 11
2 1010001010 650 12
2 1010010000 656 11
2 1010010010 658 11
2 1010100000 672 12
2 1010100010 674 12
2 1010101000 680 12
2 1010101010 682 13
1 0000000000 0 13
1 0000000001 1 13
1 0000000100 4 13
1 0000000101 5 14
1 0000001000 8 14
1 0000001001 9 14
1 0000100000 32 14
1 0000100001 33 14
1 0000100100 36 14
1 0000100101 37 15
1 0000101000 40 15
1 0000101001 41 15
1 0001000000 64 12
1 0001000001 65 13
1 0001000100 68 13
1 0001000101 69 14
1 0001001000 72 13
1 0001001001 73 13
1 0010000000 128 14
1 0010000001 129 14
1 0010000100 132 14
1 0010000101 133 15
1 0010001000 136 15
1 0010001001 137 15
1 0010100000 160 15
1 0010100001 161 15
1 0010100100 164 15
1 0010100101 165 16
1 0010101000 168 16
1 0010101001 169 16
1 0100000000 256 12
1 0100000001 257 13
1 0100000100 260 13
1 0100000101 261 14
1 0100001000 264 13
1 0100001001 265 13
1 0100100000 288 13
1 0100100001 289 13
1 0100100100 292 13
1 0100100101 293 14
1 0100101000 296 14
1 0100101001 297 14
1 0101000000 320 13
1 0101000001 321 14
1 0101000100 324 14
1 0101000101 325 15
1 0101001000 328 13
1 0101001001 329 14
1 1000000000 512 14
1 1000000001 513 14
1 1000000100 516 14
1 1000000101 517 15
1 1000001000 520 15
1 1000001001 521 15
1 1000100000 544 15
1 1000100001 545 15
1 1000100100 548 15
1 1000100101 549 16
1 1000101000 552 16
1 1000101001 553 16
1 1001000000 576 13
1 1001000001 577 14
1 1001000100 580 14
1 1001000101 581 15
1 1001001000 584 14
1 1001001001 585 14
1 1010000000 640 15
1 1010000001 641 15
1 1010000100 644 15
1 1010000101 645 16
1 1010001000 648 16
1 1010001001 649 16
1 1010100000 672 16
1 1010100001 673 16
1 1010100100 676 16
1 1010100101 677 17
1 1010101000 680 17
1 1010101001 681 17
0 0000000000 0 17
0 0000000001 1 18
0 0000000100 4 18
0 0000000101 5 19
0 0000010000 16 17
0 0000010001 17 18
0 0000010100 20 18
0 0000010101 21 19
0 0000100000 32 18
0 0000100001 33 19
0 0000100100 36 19
0 0000100101 37 20
0 0001000000 64 16
0 0001000001 65 17
0 0001000100 68 17
0 0001000101 69 18
0 0001010000 80 17
0 0001010001 81 18
0 0001010100 84 18
0 0001010101 85 19
0 0100000000 256 16
0 0100000001 257 17
0 0100000100 260 17
0 0100000101 261 18
0 0100010000 272 17
0 0100010001 273 18
0 0100010100 276 18
0 0100010101 277 19
0 0100100000 288 17
0 0100100001 289 18
0 0100100100 292 18
0 0100100101 293 19
0 0101000000 320 17
0 0101000001 321 18
0 0101000100 324 18
0 0101000101 325 19
0 0101010000 336 18
0 0101010001 337 19
0 0101010100 340 19
0 0101010101 341 20
0 1000000000 512 18
0 1000000001 513 19
0 1000000100 516 19
0 1000000101 517 20
0 1000010000 528 18
0 1000010001 529 19
0 1000010100 532 19
0 1000010101 533 20
0 1000100000 544 19
0 1000100001 545 20
0 1000100100 548 20
0 1000100101 549 21
0 1001000000 576 17
0 1001000001 577 18
0 1001000100 580 18
0 1001000101 581 19
0 1001010000 592 18
0 1001010001 593 19
0 1001010100 596 19
0 1001010101 597 20
21
